2017-07-24T17:32:33.208+0200 I CONTROL  [main] Trying to start Windows service 'MongoDB'
2017-07-24T17:32:33.209+0200 I CONTROL  [initandlisten] MongoDB starting : pid=2848 port=27017 dbpath=H:\University study guides\YEAR 3\SEMESTER 1\SEMESTER 2\COS 301 PROJECT\Back end\Back-End\database\data 64-bit host=DESKTOP-341VE18
2017-07-24T17:32:33.209+0200 I CONTROL  [initandlisten] targetMinOS: Windows 7/Windows Server 2008 R2
2017-07-24T17:32:33.209+0200 I CONTROL  [initandlisten] db version v3.4.6
2017-07-24T17:32:33.209+0200 I CONTROL  [initandlisten] git version: c55eb86ef46ee7aede3b1e2a5d184a7df4bfb5b5
2017-07-24T17:32:33.209+0200 I CONTROL  [initandlisten] OpenSSL version: OpenSSL 1.0.1u-fips  22 Sep 2016
2017-07-24T17:32:33.210+0200 I CONTROL  [initandlisten] allocator: tcmalloc
2017-07-24T17:32:33.210+0200 I CONTROL  [initandlisten] modules: none
2017-07-24T17:32:33.210+0200 I CONTROL  [initandlisten] build environment:
2017-07-24T17:32:33.210+0200 I CONTROL  [initandlisten]     distmod: 2008plus-ssl
2017-07-24T17:32:33.210+0200 I CONTROL  [initandlisten]     distarch: x86_64
2017-07-24T17:32:33.210+0200 I CONTROL  [initandlisten]     target_arch: x86_64
2017-07-24T17:32:33.210+0200 I CONTROL  [initandlisten] options: { net: { http: { RESTInterfaceEnabled: true, enabled: true } }, service: true, storage: { dbPath: "H:\University study guides\YEAR 3\SEMESTER 1\SEMESTER 2\COS 301 PROJECT\Back end\Back-End\database\data", directoryPerDB: true }, systemLog: { destination: "file", path: "H:\University study guides\YEAR 3\SEMESTER 1\SEMESTER 2\COS 301 PROJECT\Back end\Back-End\database\mongo.log" } }
2017-07-24T17:32:33.261+0200 W -        [initandlisten] Detected unclean shutdown - H:\University study guides\YEAR 3\SEMESTER 1\SEMESTER 2\COS 301 PROJECT\Back end\Back-End\database\data\mongod.lock is not empty.
2017-07-24T17:32:33.262+0200 I -        [initandlisten] Detected data files in H:\University study guides\YEAR 3\SEMESTER 1\SEMESTER 2\COS 301 PROJECT\Back end\Back-End\database\data created by the 'wiredTiger' storage engine, so setting the active storage engine to 'wiredTiger'.
2017-07-24T17:32:33.262+0200 W STORAGE  [initandlisten] Recovering data from the last clean checkpoint.
2017-07-24T17:32:33.357+0200 I STORAGE  [initandlisten] wiredtiger_open config: create,cache_size=3574M,session_max=20000,eviction=(threads_min=4,threads_max=4),config_base=false,statistics=(fast),log=(enabled=true,archive=true,path=journal,compressor=snappy),file_manager=(close_idle_time=100000),checkpoint=(wait=60,log_size=2GB),statistics_log=(wait=0),
2017-07-24T17:32:34.625+0200 I CONTROL  [initandlisten] 
2017-07-24T17:32:34.625+0200 I CONTROL  [initandlisten] ** WARNING: Access control is not enabled for the database.
2017-07-24T17:32:34.625+0200 I CONTROL  [initandlisten] **          Read and write access to data and configuration is unrestricted.
2017-07-24T17:32:34.625+0200 I CONTROL  [initandlisten] 
2017-07-24T17:32:35.212+0200 I NETWORK  [websvr] admin web console waiting for connections on port 28017
2017-07-24T17:32:52.622+0200 I FTDC     [initandlisten] Initializing full-time diagnostic data capture with directory 'H:/University study guides/YEAR 3/SEMESTER 1/SEMESTER 2/COS 301 PROJECT/Back end/Back-End/database/data/diagnostic.data'
2017-07-24T17:32:52.623+0200 I STORAGE  [initandlisten] Service running
2017-07-24T17:32:52.623+0200 I NETWORK  [thread1] waiting for connections on port 27017
2017-07-25T16:25:10.130+0200 I NETWORK  [thread1] connection accepted from 127.0.0.1:63820 #1 (1 connection now open)
2017-07-25T16:25:10.332+0200 I NETWORK  [conn1] received client metadata from 127.0.0.1:63820 conn1: { driver: { name: "nodejs", version: "2.2.27" }, os: { type: "Windows_NT", name: "win32", architecture: "x64", version: "10.0.14393" }, platform: "Node.js v6.11.0, LE, mongodb-core: 2.1.11" }
2017-07-25T16:25:21.164+0200 I COMMAND  [conn1] command kpmg_dbs.users command: find { find: "users", filter: { _id: null }, projection: {}, limit: 1, singleBatch: true, batchSize: 1 } planSummary: IXSCAN { _id: 1 } keysExamined:0 docsExamined:0 cursorExhausted:1 numYields:0 nreturned:0 reslen:102 locks:{ Global: { acquireCount: { r: 2 } }, Database: { acquireCount: { r: 1 } }, Collection: { acquireCount: { r: 1 } } } protocol:op_query 285ms
2017-07-25T16:54:57.633+0200 I -        [conn1] end connection 127.0.0.1:63820 (1 connection now open)
